2023-12-16 11:59:20 0 [Note] Starting MariaDB 10.4.28-MariaDB source revision c8f2e9a5c0ac5905f28b050b7df5a9ffd914b7e7 as process 1800
2023-12-16 11:59:20 0 [Note] InnoDB: Mutexes and rw_locks use Windows interlocked functions
2023-12-16 11:59:20 0 [Note] InnoDB: Uses event mutexes
2023-12-16 11:59:20 0 [Note] InnoDB: Compressed tables use zlib 1.2.12
2023-12-16 11:59:20 0 [Note] InnoDB: Number of pools: 1
2023-12-16 11:59:20 0 [Note] InnoDB: Using SSE2 crc32 instructions
2023-12-16 11:59:20 0 [Note] InnoDB: Initializing buffer pool, total size = 16M, instances = 1, chunk size = 16M
2023-12-16 11:59:20 0 [Note] InnoDB: Completed initialization of buffer pool
2023-12-16 11:59:20 0 [Note] InnoDB: Starting crash recovery from checkpoint LSN=300288
2023-12-16 11:59:20 0 [Note] InnoDB: 128 out of 128 rollback segments are active.
2023-12-16 11:59:20 0 [Note] InnoDB: Removed temporary tablespace data file: "ibtmp1"
2023-12-16 11:59:20 0 [Note] InnoDB: Creating shared tablespace for temporary tables
2023-12-16 11:59:20 0 [Note] InnoDB: Setting file 'E:\xampp\mysql\data\ibtmp1' size to 12 MB. Physically writing the file full; Please wait ...
2023-12-16 11:59:20 0 [Note] InnoDB: File 'E:\xampp\mysql\data\ibtmp1' size is now 12 MB.
2023-12-16 11:59:20 0 [Note] InnoDB: Waiting for purge to start
2023-12-16 11:59:21 0 [Note] InnoDB: 10.4.28 started; log sequence number 300297; transaction id 170
2023-12-16 11:59:21 0 [Note] InnoDB: Loading buffer pool(s) from E:\xampp\mysql\data\ib_buffer_pool
2023-12-16 11:59:21 0 [Note] Plugin 'FEEDBACK' is disabled.
2023-12-16 11:59:21 0 [Note] InnoDB: Buffer pool(s) load completed at 231216 11:59:21
2023-12-16 11:59:21 0 [Note] Server socket created on IP: '::'.
2023-12-17 15:00:52 0 [Note] Starting MariaDB 10.4.28-MariaDB source revision c8f2e9a5c0ac5905f28b050b7df5a9ffd914b7e7 as process 10432
2023-12-17 15:00:52 0 [Note] InnoDB: Mutexes and rw_locks use Windows interlocked functions
2023-12-17 15:00:52 0 [Note] InnoDB: Uses event mutexes
2023-12-17 15:00:52 0 [Note] InnoDB: Compressed tables use zlib 1.2.12
2023-12-17 15:00:52 0 [Note] InnoDB: Number of pools: 1
2023-12-17 15:00:52 0 [Note] InnoDB: Using SSE2 crc32 instructions
2023-12-17 15:00:52 0 [Note] InnoDB: Initializing buffer pool, total size = 16M, instances = 1, chunk size = 16M
2023-12-17 15:00:52 0 [Note] InnoDB: Completed initialization of buffer pool
2023-12-17 15:00:52 0 [Note] InnoDB: Starting crash recovery from checkpoint LSN=423572
2023-12-17 15:00:52 0 [Note] InnoDB: 128 out of 128 rollback segments are active.
2023-12-17 15:00:52 0 [Note] InnoDB: Removed temporary tablespace data file: "ibtmp1"
2023-12-17 15:00:52 0 [Note] InnoDB: Creating shared tablespace for temporary tables
2023-12-17 15:00:52 0 [Note] InnoDB: Setting file 'E:\xampp\mysql\data\ibtmp1' size to 12 MB. Physically writing the file full; Please wait ...
2023-12-17 15:00:52 0 [Note] InnoDB: File 'E:\xampp\mysql\data\ibtmp1' size is now 12 MB.
2023-12-17 15:00:52 0 [Note] InnoDB: Waiting for purge to start
2023-12-17 15:00:52 0 [Note] InnoDB: 10.4.28 started; log sequence number 423581; transaction id 585
2023-12-17 15:00:52 0 [Note] InnoDB: Loading buffer pool(s) from E:\xampp\mysql\data\ib_buffer_pool
2023-12-17 15:00:52 0 [Note] Plugin 'FEEDBACK' is disabled.
2023-12-17 15:00:52 0 [Note] InnoDB: Buffer pool(s) load completed at 231217 15:00:52
2023-12-17 15:00:52 0 [Note] Server socket created on IP: '::'.
2023-12-17 15:06:18 0 [Note] Starting MariaDB 10.4.28-MariaDB source revision c8f2e9a5c0ac5905f28b050b7df5a9ffd914b7e7 as process 18668
2023-12-17 15:06:18 0 [Note] InnoDB: Mutexes and rw_locks use Windows interlocked functions
2023-12-17 15:06:18 0 [Note] InnoDB: Uses event mutexes
2023-12-17 15:06:18 0 [Note] InnoDB: Compressed tables use zlib 1.2.12
2023-12-17 15:06:18 0 [Note] InnoDB: Number of pools: 1
2023-12-17 15:06:18 0 [Note] InnoDB: Using SSE2 crc32 instructions
2023-12-17 15:06:18 0 [Note] InnoDB: Initializing buffer pool, total size = 16M, instances = 1, chunk size = 16M
2023-12-17 15:06:18 0 [Note] InnoDB: Completed initialization of buffer pool
2023-12-17 15:06:18 0 [Note] InnoDB: Starting crash recovery from checkpoint LSN=424296
2023-12-17 15:06:18 0 [Note] InnoDB: 128 out of 128 rollback segments are active.
2023-12-17 15:06:18 0 [Note] InnoDB: Removed temporary tablespace data file: "ibtmp1"
2023-12-17 15:06:18 0 [Note] InnoDB: Creating shared tablespace for temporary tables
2023-12-17 15:06:18 0 [Note] InnoDB: Setting file 'E:\xampp\mysql\data\ibtmp1' size to 12 MB. Physically writing the file full; Please wait ...
2023-12-17 15:06:18 0 [Note] InnoDB: File 'E:\xampp\mysql\data\ibtmp1' size is now 12 MB.
2023-12-17 15:06:18 0 [Note] InnoDB: Waiting for purge to start
2023-12-17 15:06:18 0 [Note] InnoDB: 10.4.28 started; log sequence number 424305; transaction id 612
2023-12-17 15:06:18 0 [Note] InnoDB: Loading buffer pool(s) from E:\xampp\mysql\data\ib_buffer_pool
2023-12-17 15:06:18 0 [Note] Plugin 'FEEDBACK' is disabled.
2023-12-17 15:06:18 0 [Note] Server socket created on IP: '::'.
2023-12-17 15:06:48 0 [Note] Starting MariaDB 10.4.28-MariaDB source revision c8f2e9a5c0ac5905f28b050b7df5a9ffd914b7e7 as process 18740
2023-12-17 15:06:48 0 [Note] InnoDB: Mutexes and rw_locks use Windows interlocked functions
2023-12-17 15:06:48 0 [Note] InnoDB: Uses event mutexes
2023-12-17 15:06:48 0 [Note] InnoDB: Compressed tables use zlib 1.2.12
2023-12-17 15:06:48 0 [Note] InnoDB: Number of pools: 1
2023-12-17 15:06:48 0 [Note] InnoDB: Using SSE2 crc32 instructions
2023-12-17 15:06:48 0 [Note] InnoDB: Initializing buffer pool, total size = 16M, instances = 1, chunk size = 16M
2023-12-17 15:06:48 0 [Note] InnoDB: Completed initialization of buffer pool
2023-12-17 15:06:48 0 [Note] InnoDB: Starting crash recovery from checkpoint LSN=424314
2023-12-17 15:06:48 0 [Note] InnoDB: 128 out of 128 rollback segments are active.
2023-12-17 15:06:48 0 [Note] InnoDB: Removed temporary tablespace data file: "ibtmp1"
2023-12-17 15:06:48 0 [Note] InnoDB: Creating shared tablespace for temporary tables
2023-12-17 15:06:48 0 [Note] InnoDB: Setting file 'E:\xampp\mysql\data\ibtmp1' size to 12 MB. Physically writing the file full; Please wait ...
2023-12-17 15:06:48 0 [Note] InnoDB: File 'E:\xampp\mysql\data\ibtmp1' size is now 12 MB.
2023-12-17 15:06:48 0 [Note] InnoDB: Waiting for purge to start
2023-12-17 15:06:48 0 [Note] InnoDB: 10.4.28 started; log sequence number 424323; transaction id 612
2023-12-17 15:06:48 0 [Note] InnoDB: Loading buffer pool(s) from E:\xampp\mysql\data\ib_buffer_pool
2023-12-17 15:06:48 0 [Note] Plugin 'FEEDBACK' is disabled.
2023-12-17 15:06:48 0 [Note] Server socket created on IP: '::'.
2023-12-17 15:25:46 0 [Note] Starting MariaDB 10.4.28-MariaDB source revision c8f2e9a5c0ac5905f28b050b7df5a9ffd914b7e7 as process 13852
2023-12-17 15:25:46 0 [Note] InnoDB: Mutexes and rw_locks use Windows interlocked functions
2023-12-17 15:25:46 0 [Note] InnoDB: Uses event mutexes
2023-12-17 15:25:46 0 [Note] InnoDB: Compressed tables use zlib 1.2.12
2023-12-17 15:25:46 0 [Note] InnoDB: Number of pools: 1
2023-12-17 15:25:46 0 [Note] InnoDB: Using SSE2 crc32 instructions
2023-12-17 15:25:46 0 [Note] InnoDB: Initializing buffer pool, total size = 16M, instances = 1, chunk size = 16M
2023-12-17 15:25:46 0 [Note] InnoDB: Completed initialization of buffer pool
2023-12-17 15:25:46 0 [Note] InnoDB: Starting crash recovery from checkpoint LSN=432983
2023-12-17 15:25:47 0 [Note] InnoDB: 128 out of 128 rollback segments are active.
2023-12-17 15:25:47 0 [Note] InnoDB: Removed temporary tablespace data file: "ibtmp1"
2023-12-17 15:25:47 0 [Note] InnoDB: Creating shared tablespace for temporary tables
2023-12-17 15:25:47 0 [Note] InnoDB: Setting file 'E:\xampp\mysql\data\ibtmp1' size to 12 MB. Physically writing the file full; Please wait ...
2023-12-17 15:25:47 0 [Note] InnoDB: File 'E:\xampp\mysql\data\ibtmp1' size is now 12 MB.
2023-12-17 15:25:47 0 [Note] InnoDB: Waiting for purge to start
2023-12-17 15:25:47 0 [Note] InnoDB: 10.4.28 started; log sequence number 432992; transaction id 654
2023-12-17 15:25:47 0 [Note] InnoDB: Loading buffer pool(s) from E:\xampp\mysql\data\ib_buffer_pool
2023-12-17 15:25:47 0 [Note] Plugin 'FEEDBACK' is disabled.
2023-12-17 15:25:47 0 [Note] InnoDB: Buffer pool(s) load completed at 231217 15:25:47
2023-12-17 15:25:47 0 [Note] Server socket created on IP: '::'.
